<?xml version="1.0" encoding="UTF-8"?>
<!-- Generated by org.testng.reporters.JUnitXMLReporter -->
<testsuite ignored="0" hostname="LAPTOP-BTQ0B65L" failures="0" tests="9" name="Test" time="0.071" errors="0" timestamp="2022-11-10T16:00:00 IST">
  <testcase classname="test_ng.A2" name="tc4" time="0.009"/>
  <testcase classname="test_ng.A2" name="tc5" time="0.0"/>
  <testcase classname="test_ng.A2" name="tc6" time="0.0"/>
  <testcase classname="test_ng.A1" name="tc1" time="0.001"/>
  <testcase classname="test_ng.A1" name="tc2" time="0.001"/>
  <testcase classname="test_ng.A1" name="tc3" time="0.001"/>
  <testcase classname="test_ng.A3" name="tc7" time="0.0"/>
  <testcase classname="test_ng.A3" name="tc8" time="0.001"/>
  <testcase classname="test_ng.A3" name="tc9" time="0.0"/>
</testsuite> <!-- Test -->
