<?xml version="1.0" encoding="UTF-8"?>
<testng-results ignored="0" total="9" passed="9" failed="0" skipped="0">
  <reporter-output>
    <line>
      <![CDATA[test case 4pass]]>
    </line>
    <line>
      <![CDATA[test case 5 pass]]>
    </line>
    <line>
      <![CDATA[test case 6 pass]]>
    </line>
    <line>
      <![CDATA[test case 1pass]]>
    </line>
    <line>
      <![CDATA[test case 2 pass]]>
    </line>
    <line>
      <![CDATA[test case 3 pass]]>
    </line>
    <line>
      <![CDATA[test case 7pass]]>
    </line>
    <line>
      <![CDATA[test case 8 pass]]>
    </line>
    <line>
      <![CDATA[test case 39pass]]>
    </line>
  </reporter-output>
  <suite started-at="2022-11-10T16:00:00 IST" name="Suite" finished-at="2022-11-10T16:00:00 IST" duration-ms="71">
    <groups>
    </groups>
    <test started-at="2022-11-10T16:00:00 IST" name="Test" finished-at="2022-11-10T16:00:00 IST" duration-ms="71">
      <class name="test_ng.A3">
        <test-method signature="tc7()[pri:0, instance:test_ng.A3@32502377]" started-at="2022-11-10T16:00:00 IST" name="tc7" finished-at="2022-11-10T16:00:00 IST" duration-ms="0" status="PASS">
          <reporter-output>
            <line>
              <![CDATA[test case 7pass]]>
            </line>
          </reporter-output>
        </test-method> <!-- tc7 -->
        <test-method signature="tc8()[pri:0, instance:test_ng.A3@32502377]" started-at="2022-11-10T16:00:00 IST" name="tc8" finished-at="2022-11-10T16:00:00 IST" duration-ms="1" status="PASS">
          <reporter-output>
            <line>
              <![CDATA[test case 8 pass]]>
            </line>
          </reporter-output>
        </test-method> <!-- tc8 -->
        <test-method signature="tc9()[pri:0, instance:test_ng.A3@32502377]" started-at="2022-11-10T16:00:00 IST" name="tc9" finished-at="2022-11-10T16:00:00 IST" duration-ms="0" status="PASS">
          <reporter-output>
            <line>
              <![CDATA[test case 39pass]]>
            </line>
          </reporter-output>
        </test-method> <!-- tc9 -->
      </class> <!-- test_ng.A3 -->
      <class name="test_ng.A2">
        <test-method signature="tc4()[pri:0, instance:test_ng.A2@1b2abca6]" started-at="2022-11-10T16:00:00 IST" name="tc4" finished-at="2022-11-10T16:00:00 IST" duration-ms="9" status="PASS">
          <reporter-output>
            <line>
              <![CDATA[test case 4pass]]>
            </line>
          </reporter-output>
        </test-method> <!-- tc4 -->
        <test-method signature="tc5()[pri:0, instance:test_ng.A2@1b2abca6]" started-at="2022-11-10T16:00:00 IST" name="tc5" finished-at="2022-11-10T16:00:00 IST" duration-ms="0" status="PASS">
          <reporter-output>
            <line>
              <![CDATA[test case 5 pass]]>
            </line>
          </reporter-output>
        </test-method> <!-- tc5 -->
        <test-method signature="tc6()[pri:0, instance:test_ng.A2@1b2abca6]" started-at="2022-11-10T16:00:00 IST" name="tc6" finished-at="2022-11-10T16:00:00 IST" duration-ms="0" status="PASS">
          <reporter-output>
            <line>
              <![CDATA[test case 6 pass]]>
            </line>
          </reporter-output>
        </test-method> <!-- tc6 -->
      </class> <!-- test_ng.A2 -->
      <class name="test_ng.A1">
        <test-method signature="tc1()[pri:0, instance:test_ng.A1@729d991e]" started-at="2022-11-10T16:00:00 IST" name="tc1" finished-at="2022-11-10T16:00:00 IST" duration-ms="1" status="PASS">
          <reporter-output>
            <line>
              <![CDATA[test case 1pass]]>
            </line>
          </reporter-output>
        </test-method> <!-- tc1 -->
        <test-method signature="tc2()[pri:0, instance:test_ng.A1@729d991e]" started-at="2022-11-10T16:00:00 IST" name="tc2" finished-at="2022-11-10T16:00:00 IST" duration-ms="1" status="PASS">
          <reporter-output>
            <line>
              <![CDATA[test case 2 pass]]>
            </line>
          </reporter-output>
        </test-method> <!-- tc2 -->
        <test-method signature="tc3()[pri:0, instance:test_ng.A1@729d991e]" started-at="2022-11-10T16:00:00 IST" name="tc3" finished-at="2022-11-10T16:00:00 IST" duration-ms="1" status="PASS">
          <reporter-output>
            <line>
              <![CDATA[test case 3 pass]]>
            </line>
          </reporter-output>
        </test-method> <!-- tc3 -->
      </class> <!-- test_ng.A1 -->
    </test> <!-- Test -->
  </suite> <!-- Suite -->
</testng-results>
